INFO - 2023-11-13 05:46:18 --> Session: Class initialized using 'CodeIgniter\Session\Handlers\FileHandler' driver.
INFO - 2023-11-13 05:46:35 --> Session: Class initialized using 'CodeIgniter\Session\Handlers\FileHandler' driver.
INFO - 2023-11-13 05:48:27 --> Generated JWT token: eyJ0eXAiOiJKV1QiLCJhbGciOiJIUzI1NiJ9.eyJlbWFpbCI6Im11aGFtbWFkYWJkdXJyb2hpbTU3NEBnbWFpbC5jb20iLCJleHAiOjE2OTk4OTc3MDd9.aUqIC5NAzMCizOUcelgSTWkW5U-Pe3qs3H5-SatfuJs
INFO - 2023-11-13 05:48:27 --> Session: Class initialized using 'CodeIgniter\Session\Handlers\FileHandler' driver.
INFO - 2023-11-13 05:48:43 --> Session: Class initialized using 'CodeIgniter\Session\Handlers\FileHandler' driver.
INFO - 2023-11-13 06:20:21 --> Session: Class initialized using 'CodeIgniter\Session\Handlers\FileHandler' driver.
INFO - 2023-11-13 06:20:25 --> Session: Class initialized using 'CodeIgniter\Session\Handlers\FileHandler' driver.
INFO - 2023-11-13 06:20:29 --> Session: Class initialized using 'CodeIgniter\Session\Handlers\FileHandler' driver.
INFO - 2023-11-13 06:21:07 --> HTTP status code: 400
ERROR - 2023-11-13 06:21:07 --> Registration failed: Email sudah terdaftar
INFO - 2023-11-13 06:21:07 --> Session: Class initialized using 'CodeIgniter\Session\Handlers\FileHandler' driver.
INFO - 2023-11-13 06:21:07 --> Session: Class initialized using 'CodeIgniter\Session\Handlers\FileHandler' driver.
INFO - 2023-11-13 06:21:14 --> Session: Class initialized using 'CodeIgniter\Session\Handlers\FileHandler' driver.
ERROR - 2023-11-13 06:21:37 --> Login failed: Username atau password salah
INFO - 2023-11-13 06:21:37 --> Session: Class initialized using 'CodeIgniter\Session\Handlers\FileHandler' driver.
INFO - 2023-11-13 06:21:37 --> Session: Class initialized using 'CodeIgniter\Session\Handlers\FileHandler' driver.
ERROR - 2023-11-13 06:22:04 --> Validation failed during login: Array
(
    [password] => Password must be at least 8 characters long.
)

INFO - 2023-11-13 06:22:04 --> Session: Class initialized using 'CodeIgniter\Session\Handlers\FileHandler' driver.
INFO - 2023-11-13 06:22:04 --> Session: Class initialized using 'CodeIgniter\Session\Handlers\FileHandler' driver.
INFO - 2023-11-13 06:22:52 --> Session: Class initialized using 'CodeIgniter\Session\Handlers\FileHandler' driver.
INFO - 2023-11-13 09:39:14 --> Session: Class initialized using 'CodeIgniter\Session\Handlers\FileHandler' driver.
INFO - 2023-11-13 09:39:24 --> Session: Class initialized using 'CodeIgniter\Session\Handlers\FileHandler' driver.
INFO - 2023-11-13 09:40:54 --> HTTP status code: 400
ERROR - 2023-11-13 09:40:54 --> Registration failed: Email sudah terdaftar
INFO - 2023-11-13 09:40:54 --> Session: Class initialized using 'CodeIgniter\Session\Handlers\FileHandler' driver.
INFO - 2023-11-13 09:40:54 --> Session: Class initialized using 'CodeIgniter\Session\Handlers\FileHandler' driver.
INFO - 2023-11-13 09:40:59 --> Session: Class initialized using 'CodeIgniter\Session\Handlers\FileHandler' driver.
INFO - 2023-11-13 09:42:32 --> Generated JWT token: eyJ0eXAiOiJKV1QiLCJhbGciOiJIUzI1NiJ9.eyJlbWFpbCI6InVzZXJAbnV0ZWNoLWludGVncmFzaS5jb20iLCJleHAiOjE2OTk5MTE3NTJ9.0iC39Jm1IMcqaGYsohycc8rmkfPvzxQGxKSoi06sLHE
INFO - 2023-11-13 09:42:32 --> Session: Class initialized using 'CodeIgniter\Session\Handlers\FileHandler' driver.
INFO - 2023-11-13 09:42:51 --> Session: Class initialized using 'CodeIgniter\Session\Handlers\FileHandler' driver.
INFO - 2023-11-13 09:43:59 --> Session: Class initialized using 'CodeIgniter\Session\Handlers\FileHandler' driver.
INFO - 2023-11-13 09:44:05 --> Generated JWT token: eyJ0eXAiOiJKV1QiLCJhbGciOiJIUzI1NiJ9.eyJlbWFpbCI6InVzZXJAbnV0ZWNoLWludGVncmFzaS5jb20iLCJleHAiOjE2OTk5MTE4NDV9.D2LaunUiyjtYHqfMoCJFe38jwDQu6Q0jDXqb4gJytsg
INFO - 2023-11-13 09:44:05 --> Session: Class initialized using 'CodeIgniter\Session\Handlers\FileHandler' driver.
INFO - 2023-11-13 09:44:06 --> Generated JWT token: eyJ0eXAiOiJKV1QiLCJhbGciOiJIUzI1NiJ9.eyJlbWFpbCI6InVzZXJAbnV0ZWNoLWludGVncmFzaS5jb20iLCJleHAiOjE2OTk5MTE4NDZ9.LHPfkyNG0lJ16FYeXY0pdVnS-91NCN6ebfNqYOAbcDs
INFO - 2023-11-13 09:44:06 --> Session: Class initialized using 'CodeIgniter\Session\Handlers\FileHandler' driver.
INFO - 2023-11-13 09:52:42 --> Session: Class initialized using 'CodeIgniter\Session\Handlers\FileHandler' driver.
INFO - 2023-11-13 09:52:52 --> Session: Class initialized using 'CodeIgniter\Session\Handlers\FileHandler' driver.
INFO - 2023-11-13 09:53:04 --> Generated JWT token: eyJ0eXAiOiJKV1QiLCJhbGciOiJIUzI1NiJ9.eyJlbWFpbCI6Im11aGFtbWFkYWJkdXJyb2hpbTU3NEBnbWFpbC5jb20iLCJleHAiOjE2OTk5MTIzODR9.gDXGYvalfWMf2AfdZJHKcZQ0dutgsOVtqKWk6X_7J3c
INFO - 2023-11-13 09:53:04 --> Session: Class initialized using 'CodeIgniter\Session\Handlers\FileHandler' driver.
INFO - 2023-11-13 09:53:13 --> Session: Class initialized using 'CodeIgniter\Session\Handlers\FileHandler' driver.
INFO - 2023-11-13 09:54:44 --> Session: Class initialized using 'CodeIgniter\Session\Handlers\FileHandler' driver.
INFO - 2023-11-13 09:59:36 --> Generated JWT token: eyJ0eXAiOiJKV1QiLCJhbGciOiJIUzI1NiJ9.eyJlbWFpbCI6Im11aGFtbWFkYWJkdXJyb2hpbTU3NEBnbWFpbC5jb20iLCJleHAiOjE2OTk5MTI3NzZ9.ddB6cIr1RYr-Tkp7QdOhyLVb4OlBlAqhIdONEMZ5COY
INFO - 2023-11-13 09:59:36 --> Session: Class initialized using 'CodeIgniter\Session\Handlers\FileHandler' driver.
INFO - 2023-11-13 10:01:59 --> Session: Class initialized using 'CodeIgniter\Session\Handlers\FileHandler' driver.
INFO - 2023-11-13 10:03:47 --> Session: Class initialized using 'CodeIgniter\Session\Handlers\FileHandler' driver.
INFO - 2023-11-13 10:07:26 --> Session: Class initialized using 'CodeIgniter\Session\Handlers\FileHandler' driver.
INFO - 2023-11-13 10:07:49 --> Session: Class initialized using 'CodeIgniter\Session\Handlers\FileHandler' driver.
